[debug] [2025-07-15T21:27:36.631Z] ----------------------------------------------------------------------
[debug] [2025-07-15T21:27:36.635Z] Command:       /nix/store/rbdrkcs5kkwpalxcd7c6bnm33lk2955n-nodejs-20.19.0/bin/node /home/user/.global_modules/bin/firebase init hosting:github
[debug] [2025-07-15T21:27:36.636Z] CLI Version:   14.10.1
[debug] [2025-07-15T21:27:36.636Z] Platform:      linux
[debug] [2025-07-15T21:27:36.637Z] Node Version:  v20.19.0
[debug] [2025-07-15T21:27:36.637Z] Time:          Tue Jul 15 2025 21:27:36 GMT+0000 (Coordinated Universal Time)
[debug] [2025-07-15T21:27:36.637Z] ----------------------------------------------------------------------
[debug] 
[debug] [2025-07-15T21:27:37.285Z] > command requires scopes: ["email","openid","https://www.googleapis.com/auth/cloudplatformprojects.readonly","https://www.googleapis.com/auth/firebase","https://www.googleapis.com/auth/cloud-platform"]
[debug] [2025-07-15T21:27:37.287Z] > authorizing via signed-in user (fabdullai502@gmail.com)
[info] 
     ######## #### ########  ######## ########     ###     ######  ########
     ##        ##  ##     ## ##       ##     ##  ##   ##  ##       ##
     ######    ##  ########  ######   ########  #########  ######  ######
     ##        ##  ##    ##  ##       ##     ## ##     ##       ## ##
     ##       #### ##     ## ######## ########  ##     ##  ######  ########

You're about to initialize a Firebase project in this directory:

  /home/user/studio

Before we get started, keep in mind:

  * You are initializing within an existing Firebase project directory

[info] 
=== Project Setup
[info] 
[info] First, let's associate this project directory with a Firebase project.
[info] You can create multiple project aliases by running firebase use --add, 
[info] but for now we'll just set up a default project.
[info] 
[debug] [2025-07-15T21:27:37.293Z] Using project from CLI flag: report-card-generator-e3zkv
[debug] [2025-07-15T21:27:37.295Z] Checked if tokens are valid: true, expires at: 1752617183786
[debug] [2025-07-15T21:27:37.295Z] Checked if tokens are valid: true, expires at: 1752617183786
[debug] [2025-07-15T21:27:37.298Z] >>> [apiv2][query] GET https://firebase.googleapis.com/v1beta1/projects/report-card-generator-e3zkv [none]
[debug] [2025-07-15T21:27:37.691Z] <<< [apiv2][status] GET https://firebase.googleapis.com/v1beta1/projects/report-card-generator-e3zkv 200
[debug] [2025-07-15T21:27:37.691Z] <<< [apiv2][body] GET https://firebase.googleapis.com/v1beta1/projects/report-card-generator-e3zkv {"projectId":"report-card-generator-e3zkv","projectNumber":"103786735519","displayName":"Report Card Generator","name":"projects/report-card-generator-e3zkv","resources":{"hostingSite":"report-card-generator-e3zkv"},"state":"ACTIVE","etag":"1_730ad702-c696-42d3-8469-7fbd08141e21"}
[info] i  Using project report-card-generator-e3zkv (Report Card Generator) 
[info] 
=== Hosting:github Setup
[info] 
[info] i  Detected a .git folder at /home/user/studio 
[info] i  Authorizing with GitHub to upload your service account to a GitHub repository's secrets store. 
[info] 
[info] Visit this URL on this device to log in:
[info] https://github.com/login/oauth/authorize?client_id=89cf50f02ac6aaed3484&state=741757108&redirect_uri=http%3A%2F%2Flocalhost%3A9005&scope=read%3Auser%20repo%20public_repo
[info] 
[info] Waiting for authentication...
